<?xml version="1.0" encoding="UTF-8"?>
<!-- Generated by org.testng.reporters.JUnitXMLReporter -->
<testsuite ignored="0" hostname="Priya" failures="0" tests="1" name="ChromeTest" time="0.717" errors="0" timestamp="2026-03-27T20:07:02 IST">
  <testcase classname="testBase.baseClass" name="@BeforeClass setup" time="-1.774622221777E9">
    <failure type="org.testng.TestNGException" message="
Method setup requires 2 parameters but 1 were supplied in the BeforeClass annotation.">
      <![CDATA[org.testng.TestNGException: 
Method setup requires 2 parameters but 1 were supplied in the BeforeClass annotation.
at java.base/java.util.ArrayList.forEach(ArrayList.java:1596)
... Removed 22 stack frames]]>
    </failure>
  </testcase> <!-- @BeforeClass setup -->
  <testcase classname="testBase.baseClass" name="@AfterClass tearDown" time="0.0">
    <skipped/>
  </testcase> <!-- @AfterClass tearDown -->
  <testcase classname="testCases.AccRegisterTc" name="createNewAccount" time="0.0">
    <skipped/>
  </testcase> <!-- createNewAccount -->
</testsuite> <!-- ChromeTest -->
