<?xml version="1.0" encoding="UTF-8"?>
<!-- Generated by org.testng.reporters.JUnitXMLReporter -->
<testsuite ignored="0" hostname="Priya" failures="1" tests="1" name="Test" time="12.169" errors="0" timestamp="2026-03-28T14:46:11 IST">
  <testcase classname="testCases.AccRegisterTc" name="createNewAccount" time="4.818">
    <failure type="java.lang.AssertionError" message="expected [Your Account Has Been Created!!] but found [Your Account Has Been Created!]">
      <![CDATA[java.lang.AssertionError: expected [Your Account Has Been Created!!] but found [Your Account Has Been Created!]
at testCases.AccRegisterTc.createNewAccount(AccRegisterTc.java:53)
at java.base/java.util.ArrayList.forEach(ArrayList.java:1511)
... Removed 33 stack frames]]>
    </failure>
  </testcase> <!-- createNewAccount -->
</testsuite> <!-- Test -->
