<?xml version="1.0" encoding="UTF-8"?>
<testng-results ignored="0" total="1" passed="1" failed="0" skipped="0">
  <reporter-output>
  </reporter-output>
  <suite started-at="2026-03-28T20:52:26 IST" name="Suite" finished-at="2026-03-28T20:52:44 IST" duration-ms="18061">
    <groups>
    </groups>
    <test started-at="2026-03-28T20:52:26 IST" name="Test" finished-at="2026-03-28T20:52:44 IST" duration-ms="18061">
      <class name="testCases.AccRegisterTc">
        <test-method is-config="true" signature="setup(java.lang.String,java.lang.String)[pri:0, instance:testCases.AccRegisterTc@4fb61f4a]" started-at="2026-03-28T20:52:27 IST" name="setup" finished-at="2026-03-28T20:52:37 IST" duration-ms="10160" status="PASS">
          <params>
            <param index="0">
              <value>
                <![CDATA[chrome]]>
              </value>
            </param>
            <param index="1">
              <value>
                <![CDATA[Windows]]>
              </value>
            </param>
          </params>
          <reporter-output>
          </reporter-output>
        </test-method> <!-- setup -->
        <test-method signature="createNewAccount()[pri:0, instance:testCases.AccRegisterTc@4fb61f4a]" started-at="2026-03-28T20:52:37 IST" name="createNewAccount" finished-at="2026-03-28T20:52:43 IST" duration-ms="6148" status="PASS">
          <reporter-output>
          </reporter-output>
        </test-method> <!-- createNewAccount -->
        <test-method is-config="true" signature="tearDown()[pri:0, instance:testCases.AccRegisterTc@4fb61f4a]" started-at="2026-03-28T20:52:43 IST" name="tearDown" finished-at="2026-03-28T20:52:44 IST" duration-ms="831" status="PASS">
          <reporter-output>
          </reporter-output>
        </test-method> <!-- tearDown -->
      </class> <!-- testCases.AccRegisterTc -->
    </test> <!-- Test -->
  </suite> <!-- Suite -->
</testng-results>
